Arguments: 
  /home/sebastian/.nvm/versions/node/v17.7.0/bin/node /home/sebastian/.nvm/versions/node/v17.7.0/bin/yarn

PATH: 
  /home/sebastian/.local/share/solana/install/active_release/bin:/home/sebastian/.nvm/versions/node/v17.7.0/bin:/home/sebastian/anaconda3/bin:/home/sebastian/anaconda3/condabin:/home/sebastian/.cargo/bin:/home/sebastian/.local/share/solana/install/active_release/bin:/usr/local/sbin:/usr/local/bin:/usr/sbin:/usr/bin:/sbin:/bin:/usr/games:/usr/local/games:/opt/gradle/gradle-6.4.1/bin:/snap/bin

Yarn version: 
  1.22.17

Node version: 
  17.7.0

Platform: 
  linux x64

Trace: 
  Error: getaddrinfo EAI_AGAIN project-serum
      at GetAddrInfoReqWrap.onlookup [as oncomplete] (node:dns:72:26)

npm manifest: 
  {
      "dependencies": {
          "@project-serum/anchor": "^0.23.0"
      },
      "devDependencies": {
          "chai": "^4.3.4",
          "mocha": "^9.0.3"
      }
  }

yarn manifest: 
  No manifest

Lockfile: 
  No lockfile
